This is TeX, Version 3.14159 (Web2C 7.3.7x) (format=latex 2002.10.1)  30 NOV 2005 11:41
**poster
(./poster.tex
LaTeX2e <2001/06/01>
Babel <v3.7h> and hyphenation patterns for american, polish, loaded.
(/disks/vesuvius/share/TeXLive7/texmf/tex/latex/koma-script/scrartcl.cls
Document Class: scrartcl 2001/08/17 v2.8l LaTeX2e KOMA document class
(/disks/vesuvius/share/TeXLive7/texmf/tex/latex/base/size12.clo
File: size12.clo 2001/04/21 v1.4e Standard LaTeX file (size option)
)
(/disks/vesuvius/share/TeXLive7/texmf/tex/latex/koma-script/typearea.sty
Package: typearea 2001/08/17 v2.8l LaTeX2e KOMA package

Package: typearea, Copyright (C) Frank Neukam, 1992-1994 
                   Copyright (C) Markus Kohm, 1994-2001
\ta@bcor=\skip41
\ta@div=\count79
\ta@hblk=\skip42
\ta@vblk=\skip43
\ta@temp=\skip44
Package typearea Info: These are the values describing the layout:
(typearea)             DIV  = 12
(typearea)             BCOR = 0.0pt
(typearea)             \paperwidth      = 597.50793pt
(typearea)              \textwidth      = 448.13095pt
(typearea)              DIV-departure   = -6/100
(typearea)              \evensidemargin = 2.4185pt
(typearea)              \oddsidemargin  = 2.4185pt
(typearea)             \paperheight     = 845.04694pt
(typearea)              \textheight     = 635.5pt
(typearea)              \topmargin      = -41.72441pt
(typearea)              \headheight     = 18.125pt
(typearea)              \headsep        = 21.75pt
(typearea)              \topskip        = 12.0pt
(typearea)              \footskip       = 50.75pt
(typearea)              \baselineskip   = 14.5pt
(typearea)              on input line 558.
)
\c@part=\count80
\c@section=\count81
\c@subsection=\count82
\c@subsubsection=\count83
\c@paragraph=\count84
\c@subparagraph=\count85
\c@figure=\count86
\c@table=\count87
\abovecaptionskip=\skip45
\belowcaptionskip=\skip46
\bibindent=\dimen102
LaTeX Info: Redefining \KOMAScript on input line 1216.
) (/disks/vesuvius/share/TeXLive7/texmf/tex/latex/psnfss/palatino.sty
Package: palatino 2002/04/24 PSNFSS-v9.0 (SPQR) 
)
(/disks/vesuvius/share/TeXLive7/texmf/tex/latex/base/inputenc.sty
Package: inputenc 2001/07/10 v0.99a Input encoding file 

(/disks/vesuvius/share/TeXLive7/texmf/tex/latex/base/latin1.def
File: latin1.def 2001/07/10 v0.99a Input encoding file 
))
(/disks/vesuvius/share/TeXLive7/texmf/tex/generic/dvips/epsf.sty
This is `epsf.tex' v2.7 <25 October 1996>
\epsffilein=\read1
\epsfframemargin=\dimen103
\epsfframethickness=\dimen104
\epsfrsize=\dimen105
\epsftmp=\dimen106
\epsftsize=\dimen107
\epsfxsize=\dimen108
\epsfysize=\dimen109
\pspoints=\dimen110
) (/disks/vesuvius/share/TeXLive7/texmf/tex/latex/graphics/graphicx.sty
Package: graphicx 1999/02/16 v1.0f Enhanced LaTeX Graphics (DPC,SPQR)

(/disks/vesuvius/share/TeXLive7/texmf/tex/latex/graphics/keyval.sty
Package: keyval 1999/03/16 v1.13 key=value parser (DPC)
\KV@toks@=\toks14
)
(/disks/vesuvius/share/TeXLive7/texmf/tex/latex/graphics/graphics.sty
Package: graphics 2001/07/07 v1.0n Standard LaTeX Graphics (DPC,SPQR)

(/disks/vesuvius/share/TeXLive7/texmf/tex/latex/graphics/trig.sty
Package: trig 1999/03/16 v1.09 sin cos tan (DPC)
)
(/disks/vesuvius/share/TeXLive7/texmf/tex/latex/texlive/graphics.cfg
File: graphics.cfg 2001/08/31 v1.1 graphics configuration of teTeX/TeXLive
)
Package graphics Info: Driver file: dvips.def on input line 80.

(/disks/vesuvius/share/TeXLive7/texmf/tex/latex/graphics/dvips.def
File: dvips.def 1999/02/16 v3.0i Driver-dependant file (DPC,SPQR)
))
\Gin@req@height=\dimen111
\Gin@req@width=\dimen112
)
(/disks/vesuvius/share/TeXLive7/texmf/tex/latex/psfrag/psfrag.sty
Package: psfrag 1998/04/11 v3.04 PSfrag (MCG)
\pfg@pcount=\count88
\pfg@scount=\count89
\pfg@temp=\write3
)
(/disks/vesuvius/share/TeXLive7/texmf/tex/latex/graphics/color.sty
Package: color 1999/02/16 v1.0i Standard LaTeX Color (DPC)

(/disks/vesuvius/share/TeXLive7/texmf/tex/latex/texlive/color.cfg
File: color.cfg 2001/08/31 v1.1 color configuration of teTeX/TeXLive
)
Package color Info: Driver file: dvips.def on input line 125.

(/disks/vesuvius/share/TeXLive7/texmf/tex/latex/graphics/dvipsnam.def
File: dvipsnam.def 1999/02/16 v3.0i Driver-dependant file (DPC,SPQR)
))
(/disks/vesuvius/share/TeXLive7/texmf/tex/latex/graphics/pstcol.sty
Package: pstcol 2001/06/20 v1.1 PSTricks color colompatibility (DPC)

(/disks/vesuvius/share/TeXLive7/texmf/tex/latex/pstricks/pstricks.sty
Package: pstricks 1997/03/25 package wrapper for PSTricks pstricks.tex

(/disks/vesuvius/share/TeXLive7/texmf/tex/generic/pstricks/pstricks.tex
`PSTricks' v97 patch 14  <1999/12/23> (tvz)
\pst@dima=\dimen113
\pst@dimb=\dimen114
\pst@dimc=\dimen115
\pst@dimd=\dimen116
\pst@dimg=\dimen117
\pst@dimh=\dimen118
\pst@hbox=\box26
\pst@boxg=\box27
\pst@cnta=\count90
\pst@cntb=\count91
\pst@cntc=\count92
\pst@cntd=\count93
\pst@cntg=\count94
\pst@cnth=\count95
\pst@toks=\toks15
(/disks/vesuvius/share/TeXLive7/texmf/tex/generic/pstricks/pstricks.con)
\psunit=\dimen119
\psxunit=\dimen120
\psyunit=\dimen121
\pslinewidth=\dimen122
\pst@customdefs=\toks16
\pslinearc=\dimen123
\everypsbox=\toks17
\psframesep=\dimen124
\pslabelsep=\dimen125
\theoverlaybox=\box28
)))
(/disks/vesuvius/share/TeXLive7/texmf/tex/latex/pstricks/pst-grad.sty
Package: pst-grad 1997/03/25 package wrapper for PSTricks pst-grad.tex

(/disks/vesuvius/share/TeXLive7/texmf/tex/generic/pstricks/pst-grad.tex
 v97 patch 1, 1997/04/28
Package color Info: Redefining color gradbegin on input line 45.
Package color Info: Redefining color gradend on input line 49.
))
(/disks/vesuvius/share/TeXLive7/texmf/tex/latex/amslatex/amsmath.sty
Package: amsmath 2000/07/18 v2.13 AMS math features
\@mathmargin=\skip47

For additional information on amsmath, use the `?' option.
(/disks/vesuvius/share/TeXLive7/texmf/tex/latex/amslatex/amstext.sty
Package: amstext 2000/06/29 v2.01

(/disks/vesuvius/share/TeXLive7/texmf/tex/latex/amslatex/amsgen.sty
File: amsgen.sty 1999/11/30 v2.0
\@emptytoks=\toks18
\ex@=\dimen126
))
(/disks/vesuvius/share/TeXLive7/texmf/tex/latex/amslatex/amsbsy.sty
Package: amsbsy 1999/11/29 v1.2d
\pmbraise@=\dimen127
)
(/disks/vesuvius/share/TeXLive7/texmf/tex/latex/amslatex/amsopn.sty
Package: amsopn 1999/12/14 v2.01 operator names
)
\inf@bad=\count96
LaTeX Info: Redefining \frac on input line 211.
\uproot@=\count97
\leftroot@=\count98
LaTeX Info: Redefining \overline on input line 307.
\classnum@=\count99
\DOTSCASE@=\count100
LaTeX Info: Redefining \ldots on input line 379.
LaTeX Info: Redefining \dots on input line 382.
LaTeX Info: Redefining \cdots on input line 467.
\Mathstrutbox@=\box29
\strutbox@=\box30
\big@size=\dimen128
LaTeX Font Info:    Redeclaring font encoding OML on input line 567.
LaTeX Font Info:    Redeclaring font encoding OMS on input line 568.
\macc@depth=\count101
\c@MaxMatrixCols=\count102
\dotsspace@=\muskip10
\c@parentequation=\count103
\dspbrk@lvl=\count104
\tag@help=\toks19
\row@=\count105
\column@=\count106
\maxfields@=\count107
\andhelp@=\toks20
\eqnshift@=\dimen129
\alignsep@=\dimen130
\tagshift@=\dimen131
\tagwidth@=\dimen132
\totwidth@=\dimen133
\lineht@=\dimen134
\@envbody=\toks21
\multlinegap=\skip48
\multlinetaggap=\skip49
\mathdisplay@stack=\toks22
LaTeX Info: Redefining \[ on input line 2666.
LaTeX Info: Redefining \] on input line 2667.
)
(/disks/vesuvius/share/TeXLive7/texmf/tex/latex/amsfonts/amssymb.sty
Package: amssymb 2002/01/22 v2.2d

(/disks/vesuvius/share/TeXLive7/texmf/tex/latex/amsfonts/amsfonts.sty
Package: amsfonts 2001/10/25 v2.2f
\symAMSa=\mathgroup4
\symAMSb=\mathgroup5
LaTeX Font Info:    Overwriting math alphabet `\mathfrak' in version `bold'
(Font)                  U/euf/m/n --> U/euf/b/n on input line 132.
))
(/disks/vesuvius/share/TeXLive7/texmf/tex/latex/base/latexsym.sty
Package: latexsym 1998/08/17 v2.2e Standard LaTeX package (lasy symbols)
\symlasy=\mathgroup6
LaTeX Font Info:    Overwriting symbol font `lasy' in version `bold'
(Font)                  U/lasy/m/n --> U/lasy/b/n on input line 42.
)
(/disks/vesuvius/share/TeXLive7/texmf/tex/latex/tools/calc.sty
Package: calc 1998/07/07 v4.1b Infix arithmetic (KKT,FJ)
\calc@Acount=\count108
\calc@Bcount=\count109
\calc@Adimen=\dimen135
\calc@Bdimen=\dimen136
\calc@Askip=\skip50
\calc@Bskip=\skip51
LaTeX Info: Redefining \setlength on input line 59.
LaTeX Info: Redefining \addtolength on input line 60.
\calc@denominator=\count110
)
(/disks/vesuvius/share/TeXLive7/texmf/tex/latex/tools/multicol.sty
Package: multicol 2000/07/10 v1.5z multicolumn formatting (FMi)
\c@tracingmulticols=\count111
\mult@box=\box31
\multicol@leftmargin=\dimen137
\c@unbalance=\count112
\c@collectmore=\count113
\doublecol@number=\count114
\multicoltolerance=\count115
\multicolpretolerance=\count116
\full@width=\dimen138
\page@free=\dimen139
\premulticols=\dimen140
\postmulticols=\dimen141
\multicolsep=\skip52
\multicolbaselineskip=\skip53
\partial@page=\box32
\last@line=\box33
\mult@rightbox=\box34
\mult@grightbox=\box35
\mult@gfirstbox=\box36
\mult@firstbox=\box37
\@tempa=\box38
\@tempa=\box39
\@tempa=\box40
\@tempa=\box41
\@tempa=\box42
\@tempa=\box43
\@tempa=\box44
\@tempa=\box45
\@tempa=\box46
\@tempa=\box47
\@tempa=\box48
\@tempa=\box49
\@tempa=\box50
\@tempa=\box51
\@tempa=\box52
\@tempa=\box53
\@tempa=\box54
\c@columnbadness=\count117
\c@finalcolumnbadness=\count118
\last@try=\dimen142
\multicolovershoot=\dimen143
\multicolundershoot=\dimen144
\mult@nat@firstbox=\box55
\colbreak@box=\box56
)
\dummybox=\box57
\kolommen=\box58
\bgwidth=\skip54
\bgheight=\skip55
\vakbreedte=\skip56

(./poster.aux)
\openout1 = `poster.aux'.

LaTeX Font Info:    Checking defaults for OML/cmm/m/it on input line 50.
LaTeX Font Info:    ... okay on input line 50.
LaTeX Font Info:    Checking defaults for T1/cmr/m/n on input line 50.
LaTeX Font Info:    ... okay on input line 50.
LaTeX Font Info:    Checking defaults for OT1/cmr/m/n on input line 50.
LaTeX Font Info:    ... okay on input line 50.
LaTeX Font Info:    Checking defaults for OMS/cmsy/m/n on input line 50.
LaTeX Font Info:    ... okay on input line 50.
LaTeX Font Info:    Checking defaults for OMX/cmex/m/n on input line 50.
LaTeX Font Info:    ... okay on input line 50.
LaTeX Font Info:    Checking defaults for U/cmr/m/n on input line 50.
LaTeX Font Info:    ... okay on input line 50.
LaTeX Font Info:    Try loading font information for OT1+ppl on input line 50.
 (/disks/vesuvius/share/TeXLive7/texmf/tex/latex/psnfss/ot1ppl.fd
File: ot1ppl.fd 2000/01/12 PSNFSS-v8.1 font definitions for OT1/ppl.
)
Package color Info: Redefining color gradbegin on input line 53.
Package color Info: Redefining color gradend on input line 54.
LaTeX Font Info:    Font shape `OT1/ppl/bx/n' in size <12> not available
(Font)              Font shape `OT1/ppl/b/n' tried instead on input line 96.
LaTeX Font Info:    Font shape `OT1/ppl/bx/n' in size <24.88> not available
(Font)              Font shape `OT1/ppl/b/n' tried instead on input line 96.
LaTeX Font Info:    Try loading font information for U+msa on input line 96.
 (/disks/vesuvius/share/TeXLive7/texmf/tex/latex/amsfonts/umsa.fd
File: umsa.fd 2002/01/19 v2.2g AMS font definitions
)
LaTeX Font Info:    Try loading font information for U+msb on input line 96.

(/disks/vesuvius/share/TeXLive7/texmf/tex/latex/amsfonts/umsb.fd
File: umsb.fd 2002/01/19 v2.2g AMS font definitions
)
LaTeX Font Info:    Try loading font information for U+lasy on input line 96.

(/disks/vesuvius/share/TeXLive7/texmf/tex/latex/base/ulasy.fd
File: ulasy.fd 1998/08/17 v2.2e LaTeX symbol font definitions
)
File: visitors_guide.eps Graphic file (type eps)

<visitors_guide.eps>
File: logo_sm.eps Graphic file (type eps)
 <logo_sm.eps>
File: usyd.eps Graphic file (type eps)
 <usyd.eps>
File: appen.eps Graphic file (type eps)
 <appen.eps>
File: CSIRO_logo_CMYK_colour.eps Graphic file (type eps)

<CSIRO_logo_CMYK_colour.eps>
File: DSTO_black_horizontal_logo.eps Graphic file (type eps)
 <DSTO_black_horizontal_logo.eps>
File: NICTA.eps Graphic file (type eps)
 <NICTA.eps>
Underfull \hbox (badness 10000) in paragraph at lines 61--98

 []

[1

] (./poster.aux) ) 
Here is how much of TeX's memory you used:
 3103 strings out of 50851
 38897 string characters out of 1195198
 95867 words of memory out of 1500001
 5963 multiletter control sequences out of 10000+15000
 15609 words of font info for 61 fonts, out of 400000 for 1000
 34 hyphenation exceptions out of 1000
 27i,11n,32p,219b,451s stack positions out of 1500i,500n,1500p,200000b,5000s

Output written on poster.dvi (1 page, 2012 bytes).
