This file contains any messages produced by compilers while
running configure, to aid debugging if configure makes a mistake.

It was created by btparse configure 0.35, which was
generated by GNU Autoconf 2.59.  Invocation command line was

  $ ./configure 

## --------- ##
## Platform. ##
## --------- ##

hostname = marcus
uname -m = sun4u
uname -r = 5.10
uname -s = SunOS
uname -v = Generic_141414-09

/usr/bin/uname -p = sparc
/bin/uname -X     = System = SunOS
Node = marcus
Release = 5.10
KernelID = Generic_141414-09
Machine = sun4u
BusType = <unknown>
Serial = <unknown>
Users = <unknown>
OEM# = 0
Origin# = 1
NumCPU = 2

/bin/arch              = sun4
/usr/bin/arch -k       = sun4u
/usr/convex/getsysinfo = unknown
hostinfo               = unknown
/bin/machine           = unknown
/usr/bin/oslevel       = unknown
/bin/universe          = unknown

PATH: .
PATH: /home/comp/clt/pub/bin
PATH: /share/bin
PATH: /usr/dt/bin
PATH: /usr/openwin/bin
PATH: /usr/X/bin
PATH: /usr/local/bin
PATH: /share/Java/java/bin
PATH: /share/Perl/perl/bin
PATH: /share/Python/python/bin
PATH: /share/Netpbm/netpbm/bin
PATH: /share/Gettext/gettext/bin
PATH: /share/Gs/gs/bin
PATH: /usr/sbin
PATH: /usr/bin
PATH: /bin
PATH: /usr/ucb
PATH: /usr/ccs/bin


## ----------- ##
## Core tests. ##
## ----------- ##

configure:1551: checking for a BSD-compatible install
configure:1606: result: ./install-sh -c
configure:1617: checking whether build environment is sane
configure:1660: result: yes
configure:1693: checking for gawk
configure:1709: found /share/bin/gawk
configure:1719: result: gawk
configure:1729: checking whether make sets $(MAKE)
configure:1749: result: yes
configure:1920: checking if external PCCTS include files are wanted
configure:1929: result: no
configure:1933: checking if malloc debugging is wanted
configure:1954: result: no
configure:2007: checking for gcc
configure:2023: found /usr/local/bin/gcc
configure:2033: result: gcc
configure:2277: checking for C compiler version
configure:2280: gcc --version </dev/null >&5
gcc (GCC) 3.4.6
Copyright (C) 2006 Free Software Foundation, Inc.
This is free software; see the source for copying conditions.  There is NO
warranty; not even for MERCHANTABILITY or FITNESS FOR A PARTICULAR PURPOSE.

configure:2283: $? = 0
configure:2285: gcc -v </dev/null >&5
Reading specs from /disks/marcus/local/bin/../lib/gcc/sparc-sun-solaris2.10/3.4.6/specs
Configured with: /opt/gcc/gcc-3.4.6/configure --with-as=/usr/ccs/bin/as --with-ld=/usr/ccs/bin/ld --enable-languages=c,c++,objc,f77
Thread model: posix
gcc version 3.4.6
configure:2288: $? = 0
configure:2290: gcc -V </dev/null >&5
gcc: `-V' option must have argument
configure:2293: $? = 1
configure:2316: checking for C compiler default output file name
configure:2319: gcc    conftest.c  >&5
configure:2322: $? = 0
configure:2368: result: a.out
configure:2373: checking whether the C compiler works
configure:2379: ./a.out
configure:2382: $? = 0
configure:2399: result: yes
configure:2406: checking whether we are cross compiling
configure:2408: result: no
configure:2411: checking for suffix of executables
configure:2413: gcc -o conftest    conftest.c  >&5
configure:2416: $? = 0
configure:2441: result: 
configure:2447: checking for suffix of object files
configure:2468: gcc -c   conftest.c >&5
configure:2471: $? = 0
configure:2493: result: o
configure:2497: checking whether we are using the GNU C compiler
configure:2521: gcc -c   conftest.c >&5
configure:2527: $? = 0
configure:2531: test -z 
			 || test ! -s conftest.err
configure:2534: $? = 0
configure:2537: test -s conftest.o
configure:2540: $? = 0
configure:2553: result: yes
configure:2559: checking whether gcc accepts -g
configure:2580: gcc -c -g  conftest.c >&5
configure:2586: $? = 0
configure:2590: test -z 
			 || test ! -s conftest.err
configure:2593: $? = 0
configure:2596: test -s conftest.o
configure:2599: $? = 0
configure:2610: result: yes
configure:2627: checking for gcc option to accept ANSI C
configure:2697: gcc  -c -g -O2  conftest.c >&5
configure:2703: $? = 0
configure:2707: test -z 
			 || test ! -s conftest.err
configure:2710: $? = 0
configure:2713: test -s conftest.o
configure:2716: $? = 0
configure:2734: result: none needed
configure:2752: gcc -c -g -O2  conftest.c >&5
conftest.c:2: error: syntax error before "me"
configure:2758: $? = 1
configure: failed program was:
| #ifndef __cplusplus
|   choke me
| #endif
configure:2902: checking for style of include used by make
configure:2930: result: GNU
configure:2958: checking dependency style of gcc
configure:3041: result: gcc3
configure:3072: checking for a BSD-compatible install
configure:3127: result: ./install-sh -c
configure:3216: checking build system type
configure:3234: result: sparc-sun-solaris2.10
configure:3242: checking host system type
configure:3256: result: sparc-sun-solaris2.10
configure:3264: checking for a sed that does not truncate output
configure:3318: result: /usr/bin/sed
configure:3321: checking for egrep
configure:3331: result: grep -E
configure:3347: checking for ld used by gcc
configure:3414: result: /usr/ccs/bin/ld
configure:3423: checking if the linker (/usr/ccs/bin/ld) is GNU ld
configure:3438: result: no
configure:3443: checking for /usr/ccs/bin/ld option to reload object files
configure:3450: result: -r
configure:3468: checking for BSD-compatible nm
configure:3510: result: /usr/ccs/bin/nm -p
configure:3514: checking whether ln -s works
configure:3518: result: yes
configure:3525: checking how to recognise dependent libraries
configure:3697: result: pass_all
configure:3911: checking how to run the C preprocessor
configure:3946: gcc -E  conftest.c
configure:3952: $? = 0
configure:3984: gcc -E  conftest.c
conftest.c:11:28: ac_nonexistent.h: No such file or directory
configure:3990: $? = 1
configure: failed program was:
| /* confdefs.h.  */
| 
| #define PACKAGE_NAME "btparse"
| #define PACKAGE_TARNAME "btparse"
| #define PACKAGE_VERSION "0.35"
| #define PACKAGE_STRING "btparse 0.35"
| #define PACKAGE_BUGREPORT ""
| #define PACKAGE "btparse"
| #define VERSION "0.35"
| /* end confdefs.h.  */
| #include <ac_nonexistent.h>
configure:4029: result: gcc -E
configure:4053: gcc -E  conftest.c
configure:4059: $? = 0
configure:4091: gcc -E  conftest.c
conftest.c:11:28: ac_nonexistent.h: No such file or directory
configure:4097: $? = 1
configure: failed program was:
| /* confdefs.h.  */
| 
| #define PACKAGE_NAME "btparse"
| #define PACKAGE_TARNAME "btparse"
| #define PACKAGE_VERSION "0.35"
| #define PACKAGE_STRING "btparse 0.35"
| #define PACKAGE_BUGREPORT ""
| #define PACKAGE "btparse"
| #define VERSION "0.35"
| /* end confdefs.h.  */
| #include <ac_nonexistent.h>
configure:4141: checking for ANSI C header files
configure:4166: gcc -c -g -O2  conftest.c >&5
configure:4172: $? = 0
configure:4176: test -z 
			 || test ! -s conftest.err
configure:4179: $? = 0
configure:4182: test -s conftest.o
configure:4185: $? = 0
configure:4274: gcc -o conftest -g -O2   conftest.c  >&5
configure:4277: $? = 0
configure:4279: ./conftest
configure:4282: $? = 0
configure:4297: result: yes
configure:4321: checking for sys/types.h
configure:4337: gcc -c -g -O2  conftest.c >&5
configure:4343: $? = 0
configure:4347: test -z 
			 || test ! -s conftest.err
configure:4350: $? = 0
configure:4353: test -s conftest.o
configure:4356: $? = 0
configure:4367: result: yes
configure:4321: checking for sys/stat.h
configure:4337: gcc -c -g -O2  conftest.c >&5
configure:4343: $? = 0
configure:4347: test -z 
			 || test ! -s conftest.err
configure:4350: $? = 0
configure:4353: test -s conftest.o
configure:4356: $? = 0
configure:4367: result: yes
configure:4321: checking for stdlib.h
configure:4337: gcc -c -g -O2  conftest.c >&5
configure:4343: $? = 0
configure:4347: test -z 
			 || test ! -s conftest.err
configure:4350: $? = 0
configure:4353: test -s conftest.o
configure:4356: $? = 0
configure:4367: result: yes
configure:4321: checking for string.h
configure:4337: gcc -c -g -O2  conftest.c >&5
configure:4343: $? = 0
configure:4347: test -z 
			 || test ! -s conftest.err
configure:4350: $? = 0
configure:4353: test -s conftest.o
configure:4356: $? = 0
configure:4367: result: yes
configure:4321: checking for memory.h
configure:4337: gcc -c -g -O2  conftest.c >&5
configure:4343: $? = 0
configure:4347: test -z 
			 || test ! -s conftest.err
configure:4350: $? = 0
configure:4353: test -s conftest.o
configure:4356: $? = 0
configure:4367: result: yes
configure:4321: checking for strings.h
configure:4337: gcc -c -g -O2  conftest.c >&5
configure:4343: $? = 0
configure:4347: test -z 
			 || test ! -s conftest.err
configure:4350: $? = 0
configure:4353: test -s conftest.o
configure:4356: $? = 0
configure:4367: result: yes
configure:4321: checking for inttypes.h
configure:4337: gcc -c -g -O2  conftest.c >&5
configure:4343: $? = 0
configure:4347: test -z 
			 || test ! -s conftest.err
configure:4350: $? = 0
configure:4353: test -s conftest.o
configure:4356: $? = 0
configure:4367: result: yes
configure:4321: checking for stdint.h
configure:4337: gcc -c -g -O2  conftest.c >&5
configure:4343: $? = 0
configure:4347: test -z 
			 || test ! -s conftest.err
configure:4350: $? = 0
configure:4353: test -s conftest.o
configure:4356: $? = 0
configure:4367: result: yes
configure:4321: checking for unistd.h
configure:4337: gcc -c -g -O2  conftest.c >&5
configure:4343: $? = 0
configure:4347: test -z 
			 || test ! -s conftest.err
configure:4350: $? = 0
configure:4353: test -s conftest.o
configure:4356: $? = 0
configure:4367: result: yes
configure:4393: checking dlfcn.h usability
configure:4405: gcc -c -g -O2  conftest.c >&5
configure:4411: $? = 0
configure:4415: test -z 
			 || test ! -s conftest.err
configure:4418: $? = 0
configure:4421: test -s conftest.o
configure:4424: $? = 0
configure:4434: result: yes
configure:4438: checking dlfcn.h presence
configure:4448: gcc -E  conftest.c
configure:4454: $? = 0
configure:4474: result: yes
configure:4509: checking for dlfcn.h
configure:4516: result: yes
configure:4581: checking for g++
configure:4597: found /usr/local/bin/g++
configure:4607: result: g++
configure:4623: checking for C++ compiler version
configure:4626: g++ --version </dev/null >&5
g++ (GCC) 3.4.6
Copyright (C) 2006 Free Software Foundation, Inc.
This is free software; see the source for copying conditions.  There is NO
warranty; not even for MERCHANTABILITY or FITNESS FOR A PARTICULAR PURPOSE.

configure:4629: $? = 0
configure:4631: g++ -v </dev/null >&5
Reading specs from /disks/marcus/local/bin/../lib/gcc/sparc-sun-solaris2.10/3.4.6/specs
Configured with: /opt/gcc/gcc-3.4.6/configure --with-as=/usr/ccs/bin/as --with-ld=/usr/ccs/bin/ld --enable-languages=c,c++,objc,f77
Thread model: posix
gcc version 3.4.6
configure:4634: $? = 0
configure:4636: g++ -V </dev/null >&5
g++: `-V' option must have argument
configure:4639: $? = 1
configure:4642: checking whether we are using the GNU C++ compiler
configure:4666: g++ -c   conftest.cc >&5
configure:4672: $? = 0
configure:4676: test -z 
			 || test ! -s conftest.err
configure:4679: $? = 0
configure:4682: test -s conftest.o
configure:4685: $? = 0
configure:4698: result: yes
configure:4704: checking whether g++ accepts -g
configure:4725: g++ -c -g  conftest.cc >&5
configure:4731: $? = 0
configure:4735: test -z 
			 || test ! -s conftest.err
configure:4738: $? = 0
configure:4741: test -s conftest.o
configure:4744: $? = 0
configure:4755: result: yes
configure:4797: g++ -c -g -O2  conftest.cc >&5
configure:4803: $? = 0
configure:4807: test -z 
			 || test ! -s conftest.err
configure:4810: $? = 0
configure:4813: test -s conftest.o
configure:4816: $? = 0
configure:4842: g++ -c -g -O2  conftest.cc >&5
conftest.cc: In function `int main()':
conftest.cc:26: error: `exit' was not declared in this scope
configure:4848: $? = 1
configure: failed program was:
| /* confdefs.h.  */
| 
| #define PACKAGE_NAME "btparse"
| #define PACKAGE_TARNAME "btparse"
| #define PACKAGE_VERSION "0.35"
| #define PACKAGE_STRING "btparse 0.35"
| #define PACKAGE_BUGREPORT ""
| #define PACKAGE "btparse"
| #define VERSION "0.35"
| #define STDC_HEADERS 1
| #define HAVE_SYS_TYPES_H 1
| #define HAVE_SYS_STAT_H 1
| #define HAVE_STDLIB_H 1
| #define HAVE_STRING_H 1
| #define HAVE_MEMORY_H 1
| #define HAVE_STRINGS_H 1
| #define HAVE_INTTYPES_H 1
| #define HAVE_STDINT_H 1
| #define HAVE_UNISTD_H 1
| #define HAVE_DLFCN_H 1
| /* end confdefs.h.  */
| 
| int
| main ()
| {
| exit (42);
|   ;
|   return 0;
| }
configure:4797: g++ -c -g -O2  conftest.cc >&5
configure:4803: $? = 0
configure:4807: test -z 
			 || test ! -s conftest.err
configure:4810: $? = 0
configure:4813: test -s conftest.o
configure:4816: $? = 0
configure:4842: g++ -c -g -O2  conftest.cc >&5
configure:4848: $? = 0
configure:4852: test -z 
			 || test ! -s conftest.err
configure:4855: $? = 0
configure:4858: test -s conftest.o
configure:4861: $? = 0
configure:4886: checking dependency style of g++
configure:4969: result: gcc3
configure:4996: checking how to run the C++ preprocessor
configure:5027: g++ -E  conftest.cc
configure:5033: $? = 0
configure:5065: g++ -E  conftest.cc
conftest.cc:25:28: ac_nonexistent.h: No such file or directory
configure:5071: $? = 1
configure: failed program was:
| /* confdefs.h.  */
| 
| #define PACKAGE_NAME "btparse"
| #define PACKAGE_TARNAME "btparse"
| #define PACKAGE_VERSION "0.35"
| #define PACKAGE_STRING "btparse 0.35"
| #define PACKAGE_BUGREPORT ""
| #define PACKAGE "btparse"
| #define VERSION "0.35"
| #define STDC_HEADERS 1
| #define HAVE_SYS_TYPES_H 1
| #define HAVE_SYS_STAT_H 1
| #define HAVE_STDLIB_H 1
| #define HAVE_STRING_H 1
| #define HAVE_MEMORY_H 1
| #define HAVE_STRINGS_H 1
| #define HAVE_INTTYPES_H 1
| #define HAVE_STDINT_H 1
| #define HAVE_UNISTD_H 1
| #define HAVE_DLFCN_H 1
| #ifdef __cplusplus
| extern "C" void std::exit (int) throw (); using std::exit;
| #endif
| /* end confdefs.h.  */
| #include <ac_nonexistent.h>
configure:5110: result: g++ -E
configure:5134: g++ -E  conftest.cc
configure:5140: $? = 0
configure:5172: g++ -E  conftest.cc
conftest.cc:25:28: ac_nonexistent.h: No such file or directory
configure:5178: $? = 1
configure: failed program was:
| /* confdefs.h.  */
| 
| #define PACKAGE_NAME "btparse"
| #define PACKAGE_TARNAME "btparse"
| #define PACKAGE_VERSION "0.35"
| #define PACKAGE_STRING "btparse 0.35"
| #define PACKAGE_BUGREPORT ""
| #define PACKAGE "btparse"
| #define VERSION "0.35"
| #define STDC_HEADERS 1
| #define HAVE_SYS_TYPES_H 1
| #define HAVE_SYS_STAT_H 1
| #define HAVE_STDLIB_H 1
| #define HAVE_STRING_H 1
| #define HAVE_MEMORY_H 1
| #define HAVE_STRINGS_H 1
| #define HAVE_INTTYPES_H 1
| #define HAVE_STDINT_H 1
| #define HAVE_UNISTD_H 1
| #define HAVE_DLFCN_H 1
| #ifdef __cplusplus
| extern "C" void std::exit (int) throw (); using std::exit;
| #endif
| /* end confdefs.h.  */
| #include <ac_nonexistent.h>
configure:5275: checking for g77
configure:5291: found /usr/local/bin/g77
configure:5301: result: g77
configure:5316: checking for Fortran 77 compiler version
configure:5319: g77 --version </dev/null >&5
GNU Fortran (GCC) 3.4.6
Copyright (C) 2006 Free Software Foundation, Inc.

GNU Fortran comes with NO WARRANTY, to the extent permitted by law.
You may redistribute copies of GNU Fortran
under the terms of the GNU General Public License.
For more information about these matters, see the file named COPYING
or type the command `info -f g77 Copying'.
configure:5322: $? = 0
configure:5324: g77 -v </dev/null >&5
Reading specs from /disks/marcus/local/bin/../lib/gcc/sparc-sun-solaris2.10/3.4.6/specs
Configured with: /opt/gcc/gcc-3.4.6/configure --with-as=/usr/ccs/bin/as --with-ld=/usr/ccs/bin/ld --enable-languages=c,c++,objc,f77
Thread model: posix
gcc version 3.4.6
configure:5327: $? = 0
configure:5329: g77 -V </dev/null >&5
g77: `-V' option must have argument
configure:5332: $? = 1
configure:5340: checking whether we are using the GNU Fortran 77 compiler
configure:5354: g77 -c  conftest.F >&5
configure:5360: $? = 0
configure:5364: test -z 
			 || test ! -s conftest.err
configure:5367: $? = 0
configure:5370: test -s conftest.o
configure:5373: $? = 0
configure:5386: result: yes
configure:5392: checking whether g77 accepts -g
configure:5404: g77 -c -g conftest.f >&5
configure:5410: $? = 0
configure:5414: test -z 
			 || test ! -s conftest.err
configure:5417: $? = 0
configure:5420: test -s conftest.o
configure:5423: $? = 0
configure:5435: result: yes
configure:5465: checking the maximum length of command line arguments
configure:5557: result: 262144
configure:5568: checking command to parse /usr/ccs/bin/nm -p output from gcc object
configure:5664: gcc -c -g -O2  conftest.c >&5
configure:5667: $? = 0
configure:5671: /usr/ccs/bin/nm -p conftest.o \| sed -n -e 's/^.*[ 	]\([BDRT][BDRT]*\)[ 	][ 	]*\([_A-Za-z][_A-Za-z0-9]*\)$/\1 \2 \2/p' \> conftest.nm
configure:5674: $? = 0
configure:5726: gcc -o conftest -g -O2   conftest.c conftstm.o >&5
configure:5729: $? = 0
configure:5767: result: ok
configure:5771: checking for objdir
configure:5786: result: .libs
configure:5876: checking for ar
configure:5892: found /usr/ccs/bin/ar
configure:5903: result: ar
configure:5956: checking for ranlib
configure:5972: found /usr/ccs/bin/ranlib
configure:5983: result: ranlib
configure:6036: checking for strip
configure:6052: found /usr/ccs/bin/strip
configure:6063: result: strip
configure:6350: checking if gcc static flag  works
configure:6378: result: yes
configure:6396: checking if gcc supports -fno-rtti -fno-exceptions
configure:6414: gcc -c -g -O2  -fno-rtti -fno-exceptions conftest.c >&5
cc1: warning: command line option "-fno-rtti" is valid for C++/ObjC++ but not for C
configure:6418: $? = 0
configure:6431: result: no
configure:6446: checking for gcc option to produce PIC
configure:6650: result: -fPIC
configure:6658: checking if gcc PIC flag -fPIC works
configure:6676: gcc -c -g -O2  -fPIC -DPIC conftest.c >&5
configure:6680: $? = 0
configure:6693: result: yes
configure:6717: checking if gcc supports -c -o file.o
configure:6738: gcc -c -g -O2  -o out/conftest2.o conftest.c >&5
configure:6742: $? = 0
configure:6764: result: yes
configure:6790: checking whether the gcc linker (/usr/ccs/bin/ld) supports shared libraries
configure:7686: result: yes
configure:7712: checking whether -lc should be explicitly linked in
configure:7717: gcc -c -g -O2  conftest.c >&5
configure:7720: $? = 0
configure:7734: gcc -shared -Wl,-h -Wl,conftest -o conftest conftest.o  -v 2\>\&1 \| grep  -lc  \>/dev/null 2\>\&1
configure:7737: $? = 1
configure:7749: result: yes
configure:7757: checking dynamic linker characteristics
configure:8303: result: solaris2.10 ld.so
configure:8307: checking how to hardcode library paths into programs
configure:8332: result: immediate
configure:8346: checking whether stripping libraries is possible
configure:8367: result: no
configure:9181: checking if libtool supports shared libraries
configure:9183: result: yes
configure:9186: checking whether to build shared libraries
configure:9207: result: yes
configure:9210: checking whether to build static libraries
configure:9214: result: yes
configure:9306: creating libtool
configure:9884: checking for ld used by g++
configure:9951: result: /usr/ccs/bin/ld
configure:9960: checking if the linker (/usr/ccs/bin/ld) is GNU ld
configure:9975: result: no
configure:10026: checking whether the g++ linker (/usr/ccs/bin/ld) supports shared libraries
configure:10913: result: yes
configure:10931: g++ -c -g -O2  conftest.cc >&5
configure:10934: $? = 0
configure:11030: checking for g++ option to produce PIC
configure:11298: result: -fPIC
configure:11306: checking if g++ PIC flag -fPIC works
configure:11324: g++ -c -g -O2  -fPIC -DPIC conftest.cc >&5
configure:11328: $? = 0
configure:11341: result: yes
configure:11365: checking if g++ supports -c -o file.o
configure:11386: g++ -c -g -O2  -o out/conftest2.o conftest.cc >&5
configure:11390: $? = 0
configure:11412: result: yes
configure:11438: checking whether the g++ linker (/usr/ccs/bin/ld) supports shared libraries
configure:11463: result: yes
configure:11534: checking dynamic linker characteristics
configure:12080: result: solaris2.10 ld.so
configure:12084: checking how to hardcode library paths into programs
configure:12109: result: immediate
configure:12123: checking whether stripping libraries is possible
configure:12144: result: no
configure:13464: checking if libtool supports shared libraries
configure:13466: result: yes
configure:13469: checking whether to build shared libraries
configure:13489: result: yes
configure:13492: checking whether to build static libraries
configure:13496: result: yes
configure:13508: checking for g77 option to produce PIC
configure:13712: result: -fPIC
configure:13720: checking if g77 PIC flag -fPIC works
configure:13738: g77 -c -g -O2 -fPIC conftest.f >&5
configure:13742: $? = 0
configure:13755: result: yes
configure:13779: checking if g77 supports -c -o file.o
configure:13800: g77 -c -g -O2 -o out/conftest2.o conftest.f >&5
configure:13804: $? = 0
configure:13826: result: yes
configure:13852: checking whether the g77 linker (/usr/ccs/bin/ld) supports shared libraries
configure:14728: result: yes
configure:14799: checking dynamic linker characteristics
configure:15345: result: solaris2.10 ld.so
configure:15349: checking how to hardcode library paths into programs
configure:15374: result: immediate
configure:15388: checking whether stripping libraries is possible
configure:15409: result: no
configure:19634: checking whether make sets $(MAKE)
configure:19654: result: yes
configure:19666: checking for antlr
configure:19693: result: not found
configure:19702: checking for dlg
configure:19729: result: not found
configure:19740: checking for pod2man
configure:19756: found /share/Perl/perl/bin/pod2man
configure:19767: result: pod2man
configure:19803: checking for ANSI C header files
configure:19959: result: yes
configure:19983: checking limits.h usability
configure:19995: gcc -c -g -O2  conftest.c >&5
configure:20001: $? = 0
configure:20005: test -z 
			 || test ! -s conftest.err
configure:20008: $? = 0
configure:20011: test -s conftest.o
configure:20014: $? = 0
configure:20024: result: yes
configure:20028: checking limits.h presence
configure:20038: gcc -E  conftest.c
configure:20044: $? = 0
configure:20064: result: yes
configure:20099: checking for limits.h
configure:20106: result: yes
configure:20120: checking for PCCTS header files
configure:20144: result: yes
configure:20151: checking for ushort
configure:20175: gcc -c -g -O2  conftest.c >&5
configure:20181: $? = 0
configure:20185: test -z 
			 || test ! -s conftest.err
configure:20188: $? = 0
configure:20191: test -s conftest.o
configure:20194: $? = 0
configure:20205: result: yes
configure:20215: checking for boolean
configure:20239: gcc -c -g -O2  conftest.c >&5
conftest.c: In function `main':
conftest.c:65: error: `boolean' undeclared (first use in this function)
conftest.c:65: error: (Each undeclared identifier is reported only once
conftest.c:65: error: for each function it appears in.)
conftest.c:65: error: syntax error before ')' token
configure:20245: $? = 1
configure: failed program was:
| /* confdefs.h.  */
| 
| #define PACKAGE_NAME "btparse"
| #define PACKAGE_TARNAME "btparse"
| #define PACKAGE_VERSION "0.35"
| #define PACKAGE_STRING "btparse 0.35"
| #define PACKAGE_BUGREPORT ""
| #define PACKAGE "btparse"
| #define VERSION "0.35"
| #define STDC_HEADERS 1
| #define HAVE_SYS_TYPES_H 1
| #define HAVE_SYS_STAT_H 1
| #define HAVE_STDLIB_H 1
| #define HAVE_STRING_H 1
| #define HAVE_MEMORY_H 1
| #define HAVE_STRINGS_H 1
| #define HAVE_INTTYPES_H 1
| #define HAVE_STDINT_H 1
| #define HAVE_UNISTD_H 1
| #define HAVE_DLFCN_H 1
| #ifdef __cplusplus
| extern "C" void std::exit (int) throw (); using std::exit;
| #endif
| #define STDC_HEADERS 1
| #define HAVE_LIMITS_H 1
| #define HAVE_USHORT 1
| /* end confdefs.h.  */
| #include <stdio.h>
| #if HAVE_SYS_TYPES_H
| # include <sys/types.h>
| #endif
| #if HAVE_SYS_STAT_H
| # include <sys/stat.h>
| #endif
| #if STDC_HEADERS
| # include <stdlib.h>
| # include <stddef.h>
| #else
| # if HAVE_STDLIB_H
| #  include <stdlib.h>
| # endif
| #endif
| #if HAVE_STRING_H
| # if !STDC_HEADERS && HAVE_MEMORY_H
| #  include <memory.h>
| # endif
| # include <string.h>
| #endif
| #if HAVE_STRINGS_H
| # include <strings.h>
| #endif
| #if HAVE_INTTYPES_H
| # include <inttypes.h>
| #else
| # if HAVE_STDINT_H
| #  include <stdint.h>
| # endif
| #endif
| #if HAVE_UNISTD_H
| # include <unistd.h>
| #endif
| int
| main ()
| {
| if ((boolean *) 0)
|   return 0;
| if (sizeof (boolean))
|   return 0;
|   ;
|   return 0;
| }
configure:20269: result: no
configure:20283: checking for an ANSI C-conforming const
configure:20350: gcc -c -g -O2  conftest.c >&5
configure:20356: $? = 0
configure:20360: test -z 
			 || test ! -s conftest.err
configure:20363: $? = 0
configure:20366: test -s conftest.o
configure:20369: $? = 0
configure:20380: result: yes
configure:20395: checking for working alloca.h
configure:20416: gcc -o conftest -g -O2   conftest.c  >&5
configure:20422: $? = 0
configure:20426: test -z 
			 || test ! -s conftest.err
configure:20429: $? = 0
configure:20432: test -s conftest
configure:20435: $? = 0
configure:20447: result: yes
configure:20457: checking for alloca
configure:20498: gcc -o conftest -g -O2   conftest.c  >&5
configure:20504: $? = 0
configure:20508: test -z 
			 || test ! -s conftest.err
configure:20511: $? = 0
configure:20514: test -s conftest
configure:20517: $? = 0
configure:20529: result: yes
configure:20756: checking for vprintf
configure:20813: gcc -o conftest -g -O2   conftest.c  >&5
conftest.c:54: warning: conflicting types for built-in function 'vprintf'
configure:20819: $? = 0
configure:20823: test -z 
			 || test ! -s conftest.err
configure:20826: $? = 0
configure:20829: test -s conftest
configure:20832: $? = 0
configure:20844: result: yes
configure:20851: checking for _doprnt
configure:20908: gcc -o conftest -g -O2   conftest.c  >&5
configure:20914: $? = 0
configure:20918: test -z 
			 || test ! -s conftest.err
configure:20921: $? = 0
configure:20924: test -s conftest
configure:20927: $? = 0
configure:20939: result: yes
configure:20960: checking for strdup
configure:21017: gcc -o conftest -g -O2   conftest.c  >&5
conftest.c:56: warning: conflicting types for built-in function 'strdup'
configure:21023: $? = 0
configure:21027: test -z 
			 || test ! -s conftest.err
configure:21030: $? = 0
configure:21033: test -s conftest
configure:21036: $? = 0
configure:21048: result: yes
configure:20960: checking for strlwr
configure:21017: gcc -o conftest -g -O2   conftest.c  >&5
Undefined			first referenced
 symbol  			    in file
strlwr                              /var/tmp//ccCussrZ.o
ld: fatal: Symbol referencing errors. No output written to conftest
collect2: ld returned 1 exit status
configure:21023: $? = 1
configure: failed program was:
| /* confdefs.h.  */
| 
| #define PACKAGE_NAME "btparse"
| #define PACKAGE_TARNAME "btparse"
| #define PACKAGE_VERSION "0.35"
| #define PACKAGE_STRING "btparse 0.35"
| #define PACKAGE_BUGREPORT ""
| #define PACKAGE "btparse"
| #define VERSION "0.35"
| #define STDC_HEADERS 1
| #define HAVE_SYS_TYPES_H 1
| #define HAVE_SYS_STAT_H 1
| #define HAVE_STDLIB_H 1
| #define HAVE_STRING_H 1
| #define HAVE_MEMORY_H 1
| #define HAVE_STRINGS_H 1
| #define HAVE_INTTYPES_H 1
| #define HAVE_STDINT_H 1
| #define HAVE_UNISTD_H 1
| #define HAVE_DLFCN_H 1
| #ifdef __cplusplus
| extern "C" void std::exit (int) throw (); using std::exit;
| #endif
| #define STDC_HEADERS 1
| #define HAVE_LIMITS_H 1
| #define HAVE_USHORT 1
| #define HAVE_ALLOCA_H 1
| #define HAVE_ALLOCA 1
| #define HAVE_VPRINTF 1
| #define HAVE_DOPRNT 1
| #define HAVE_STRDUP 1
| /* end confdefs.h.  */
| /* Define strlwr to an innocuous variant, in case <limits.h> declares strlwr.
|    For example, HP-UX 11i <limits.h> declares gettimeofday.  */
| #define strlwr innocuous_strlwr
| 
| /* System header to define __stub macros and hopefully few prototypes,
|     which can conflict with char strlwr (); below.
|     Prefer <limits.h> to <assert.h> if __STDC__ is defined, since
|     <limits.h> exists even on freestanding compilers.  */
| 
| #ifdef __STDC__
| # include <limits.h>
| #else
| # include <assert.h>
| #endif
| 
| #undef strlwr
| 
| /* Override any gcc2 internal prototype to avoid an error.  */
| #ifdef __cplusplus
| extern "C"
| {
| #endif
| /* We use char because int might match the return type of a gcc2
|    builtin and then its argument prototype would still apply.  */
| char strlwr ();
| /* The GNU C library defines this for functions which it implements
|     to always fail with ENOSYS.  Some functions are actually named
|     something starting with __ and the normal name is an alias.  */
| #if defined (__stub_strlwr) || defined (__stub___strlwr)
| choke me
| #else
| char (*f) () = strlwr;
| #endif
| #ifdef __cplusplus
| }
| #endif
| 
| int
| main ()
| {
| return f != strlwr;
|   ;
|   return 0;
| }
configure:21048: result: no
configure:20960: checking for strupr
configure:21017: gcc -o conftest -g -O2   conftest.c  >&5
Undefined			first referenced
 symbol  			    in file
strupr                              /var/tmp//ccWlNT6r.o
ld: fatal: Symbol referencing errors. No output written to conftest
collect2: ld returned 1 exit status
configure:21023: $? = 1
configure: failed program was:
| /* confdefs.h.  */
| 
| #define PACKAGE_NAME "btparse"
| #define PACKAGE_TARNAME "btparse"
| #define PACKAGE_VERSION "0.35"
| #define PACKAGE_STRING "btparse 0.35"
| #define PACKAGE_BUGREPORT ""
| #define PACKAGE "btparse"
| #define VERSION "0.35"
| #define STDC_HEADERS 1
| #define HAVE_SYS_TYPES_H 1
| #define HAVE_SYS_STAT_H 1
| #define HAVE_STDLIB_H 1
| #define HAVE_STRING_H 1
| #define HAVE_MEMORY_H 1
| #define HAVE_STRINGS_H 1
| #define HAVE_INTTYPES_H 1
| #define HAVE_STDINT_H 1
| #define HAVE_UNISTD_H 1
| #define HAVE_DLFCN_H 1
| #ifdef __cplusplus
| extern "C" void std::exit (int) throw (); using std::exit;
| #endif
| #define STDC_HEADERS 1
| #define HAVE_LIMITS_H 1
| #define HAVE_USHORT 1
| #define HAVE_ALLOCA_H 1
| #define HAVE_ALLOCA 1
| #define HAVE_VPRINTF 1
| #define HAVE_DOPRNT 1
| #define HAVE_STRDUP 1
| /* end confdefs.h.  */
| /* Define strupr to an innocuous variant, in case <limits.h> declares strupr.
|    For example, HP-UX 11i <limits.h> declares gettimeofday.  */
| #define strupr innocuous_strupr
| 
| /* System header to define __stub macros and hopefully few prototypes,
|     which can conflict with char strupr (); below.
|     Prefer <limits.h> to <assert.h> if __STDC__ is defined, since
|     <limits.h> exists even on freestanding compilers.  */
| 
| #ifdef __STDC__
| # include <limits.h>
| #else
| # include <assert.h>
| #endif
| 
| #undef strupr
| 
| /* Override any gcc2 internal prototype to avoid an error.  */
| #ifdef __cplusplus
| extern "C"
| {
| #endif
| /* We use char because int might match the return type of a gcc2
|    builtin and then its argument prototype would still apply.  */
| char strupr ();
| /* The GNU C library defines this for functions which it implements
|     to always fail with ENOSYS.  Some functions are actually named
|     something starting with __ and the normal name is an alias.  */
| #if defined (__stub_strupr) || defined (__stub___strupr)
| choke me
| #else
| char (*f) () = strupr;
| #endif
| #ifdef __cplusplus
| }
| #endif
| 
| int
| main ()
| {
| return f != strupr;
|   ;
|   return 0;
| }
configure:21048: result: no
configure:20960: checking for vsnprintf
configure:21017: gcc -o conftest -g -O2   conftest.c  >&5
conftest.c:57: warning: conflicting types for built-in function 'vsnprintf'
configure:21023: $? = 0
configure:21027: test -z 
			 || test ! -s conftest.err
configure:21030: $? = 0
configure:21033: test -s conftest
configure:21036: $? = 0
configure:21048: result: yes
configure:21059: checking for strdup declaration in <string.h>
configure:21078: result: yes
configure:21214: creating ./config.status

## ---------------------- ##
## Running config.status. ##
## ---------------------- ##

This file was extended by btparse config.status 0.35, which was
generated by GNU Autoconf 2.59.  Invocation command line was

  CONFIG_FILES    = 
  CONFIG_HEADERS  = 
  CONFIG_LINKS    = 
  CONFIG_COMMANDS = 
  $ ./config.status 

on marcus

config.status:724: creating btparse.pc
config.status:724: creating Makefile
config.status:724: creating doc/Makefile
config.status:724: creating progs/Makefile
config.status:724: creating src/Makefile
config.status:724: creating tests/Makefile
config.status:828: creating src/bt_config.h
config.status:828: creating src/btparse.h
config.status:956: src/btparse.h is unchanged
config.status:1136: executing depfiles commands

## ---------------- ##
## Cache variables. ##
## ---------------- ##

ac_cv_build=sparc-sun-solaris2.10
ac_cv_build_alias=sparc-sun-solaris2.10
ac_cv_c_compiler_gnu=yes
ac_cv_c_const=yes
ac_cv_cxx_compiler_gnu=yes
ac_cv_env_CC_set=
ac_cv_env_CC_value=
ac_cv_env_CFLAGS_set=
ac_cv_env_CFLAGS_value=
ac_cv_env_CPPFLAGS_set=
ac_cv_env_CPPFLAGS_value=
ac_cv_env_CPP_set=
ac_cv_env_CPP_value=
ac_cv_env_CXXCPP_set=
ac_cv_env_CXXCPP_value=
ac_cv_env_CXXFLAGS_set=
ac_cv_env_CXXFLAGS_value=
ac_cv_env_CXX_set=
ac_cv_env_CXX_value=
ac_cv_env_F77_set=
ac_cv_env_F77_value=
ac_cv_env_FFLAGS_set=
ac_cv_env_FFLAGS_value=
ac_cv_env_LDFLAGS_set=
ac_cv_env_LDFLAGS_value=
ac_cv_env_build_alias_set=
ac_cv_env_build_alias_value=
ac_cv_env_host_alias_set=
ac_cv_env_host_alias_value=
ac_cv_env_target_alias_set=
ac_cv_env_target_alias_value=
ac_cv_exeext=
ac_cv_f77_compiler_gnu=yes
ac_cv_func__doprnt=yes
ac_cv_func_alloca_works=yes
ac_cv_func_strdup=yes
ac_cv_func_strlwr=no
ac_cv_func_strupr=no
ac_cv_func_vprintf=yes
ac_cv_func_vsnprintf=yes
ac_cv_header_dlfcn_h=yes
ac_cv_header_inttypes_h=yes
ac_cv_header_limits_h=yes
ac_cv_header_memory_h=yes
ac_cv_header_stdc=yes
ac_cv_header_stdint_h=yes
ac_cv_header_stdlib_h=yes
ac_cv_header_string_h=yes
ac_cv_header_strings_h=yes
ac_cv_header_sys_stat_h=yes
ac_cv_header_sys_types_h=yes
ac_cv_header_unistd_h=yes
ac_cv_host=sparc-sun-solaris2.10
ac_cv_host_alias=sparc-sun-solaris2.10
ac_cv_objext=o
ac_cv_prog_ANTLR='not found'
ac_cv_prog_AWK=gawk
ac_cv_prog_CPP='gcc -E'
ac_cv_prog_CXXCPP='g++ -E'
ac_cv_prog_DLG='not found'
ac_cv_prog_POD2MAN=pod2man
ac_cv_prog_ac_ct_AR=ar
ac_cv_prog_ac_ct_CC=gcc
ac_cv_prog_ac_ct_CXX=g++
ac_cv_prog_ac_ct_F77=g77
ac_cv_prog_ac_ct_RANLIB=ranlib
ac_cv_prog_ac_ct_STRIP=strip
ac_cv_prog_cc_g=yes
ac_cv_prog_cc_stdc=
ac_cv_prog_cxx_g=yes
ac_cv_prog_egrep='grep -E'
ac_cv_prog_f77_g=yes
ac_cv_prog_make_make_set=yes
ac_cv_type_boolean=no
ac_cv_type_ushort=yes
ac_cv_working_alloca_h=yes
am_cv_CC_dependencies_compiler_type=gcc3
am_cv_CXX_dependencies_compiler_type=gcc3
lt_cv_deplibs_check_method=pass_all
lt_cv_file_magic_cmd='$MAGIC_CMD'
lt_cv_file_magic_test_file=
lt_cv_ld_reload_flag=-r
lt_cv_objdir=.libs
lt_cv_path_LD=/usr/ccs/bin/ld
lt_cv_path_LDCXX=/usr/ccs/bin/ld
lt_cv_path_NM='/usr/ccs/bin/nm -p'
lt_cv_path_SED=/usr/bin/sed
lt_cv_prog_compiler_c_o=yes
lt_cv_prog_compiler_c_o_CXX=yes
lt_cv_prog_compiler_c_o_F77=yes
lt_cv_prog_compiler_rtti_exceptions=no
lt_cv_prog_gnu_ld=no
lt_cv_prog_gnu_ldcxx=no
lt_cv_sys_global_symbol_pipe='sed -n -e '\''s/^.*[ 	]\([BDRT][BDRT]*\)[ 	][ 	]*\([_A-Za-z][_A-Za-z0-9]*\)$/\1 \2 \2/p'\'''
lt_cv_sys_global_symbol_to_c_name_address='sed -n -e '\''s/^: \([^ ]*\) $/  {\"\1\", (lt_ptr) 0},/p'\'' -e '\''s/^[BCDEGRST] \([^ ]*\) \([^ ]*\)$/  {"\2", (lt_ptr) \&\2},/p'\'''
lt_cv_sys_global_symbol_to_cdecl='sed -n -e '\''s/^. .* \(.*\)$/extern int \1;/p'\'''
lt_cv_sys_max_cmd_len=262144
lt_lt_cv_prog_compiler_c_o='"yes"'
lt_lt_cv_prog_compiler_c_o_CXX='"yes"'
lt_lt_cv_prog_compiler_c_o_F77='"yes"'
lt_lt_cv_sys_global_symbol_pipe='"sed -n -e '\''s/^.*[ 	]\\([BDRT][BDRT]*\\)[ 	][ 	]*\\([_A-Za-z][_A-Za-z0-9]*\\)\$/\\1 \\2 \\2/p'\''"'
lt_lt_cv_sys_global_symbol_to_c_name_address='"sed -n -e '\''s/^: \\([^ ]*\\) \$/  {\\\"\\1\\\", (lt_ptr) 0},/p'\'' -e '\''s/^[BCDEGRST] \\([^ ]*\\) \\([^ ]*\\)\$/  {\"\\2\", (lt_ptr) \\&\\2},/p'\''"'
lt_lt_cv_sys_global_symbol_to_cdecl='"sed -n -e '\''s/^. .* \\(.*\\)\$/extern int \\1;/p'\''"'

## ----------------- ##
## Output variables. ##
## ----------------- ##

ACLOCAL='${SHELL} /disks/etna/home/clt/ltg/www/htdocs/alta/events/aclpub/bin/Text/btparse/missing --run aclocal-1.7'
ALLOCA=''
AMDEPBACKSLASH='\'
AMDEP_FALSE='#'
AMDEP_TRUE=''
AMTAR='${SHELL} /disks/etna/home/clt/ltg/www/htdocs/alta/events/aclpub/bin/Text/btparse/missing --run tar'
ANTLR='not found'
AR='ar'
AUTOCONF='${SHELL} /disks/etna/home/clt/ltg/www/htdocs/alta/events/aclpub/bin/Text/btparse/missing --run autoconf'
AUTOHEADER='${SHELL} /disks/etna/home/clt/ltg/www/htdocs/alta/events/aclpub/bin/Text/btparse/missing --run autoheader'
AUTOMAKE='${SHELL} /disks/etna/home/clt/ltg/www/htdocs/alta/events/aclpub/bin/Text/btparse/missing --run automake-1.7'
AWK='gawk'
CC='gcc'
CCDEPMODE='depmode=gcc3'
CFLAGS='-g -O2'
CPP='gcc -E'
CPPFLAGS=''
CXX='g++'
CXXCPP='g++ -E'
CXXDEPMODE='depmode=gcc3'
CXXFLAGS='-g -O2'
CYGPATH_W='echo'
DEFS='-DHAVE_CONFIG_H'
DEPDIR='.deps'
DLG='not found'
ECHO='echo'
ECHO_C=''
ECHO_N='-n'
ECHO_T=''
EGREP='grep -E'
EXEEXT=''
F77='g77'
FFLAGS='-g -O2'
INCLUDES=''
INSTALL_DATA='${INSTALL} -m 644'
INSTALL_PROGRAM='${INSTALL}'
INSTALL_SCRIPT='${INSTALL}'
INSTALL_STRIP_PROGRAM='${SHELL} $(install_sh) -c -s'
LDFLAGS=''
LIBOBJS=''
LIBS=''
LIBTOOL='$(SHELL) $(top_builddir)/libtool'
LN_S='ln -s'
LTLIBOBJS=''
MAKEINFO='${SHELL} /disks/etna/home/clt/ltg/www/htdocs/alta/events/aclpub/bin/Text/btparse/missing --run makeinfo'
OBJEXT='o'
PACKAGE='btparse'
PACKAGE_BUGREPORT=''
PACKAGE_NAME='btparse'
PACKAGE_STRING='btparse 0.35'
PACKAGE_TARNAME='btparse'
PACKAGE_VERSION='0.35'
PATH_SEPARATOR=':'
PCCTS_INCLUDES='-I$(top_srcdir)/pccts'
POD2MAN='pod2man'
RANLIB='ranlib'
RELEASE_DATE='2003-10-25'
SET_MAKE=''
SHELL='/bin/bash'
STRIP='strip'
VERSION='0.35'
ac_ct_AR='ar'
ac_ct_CC='gcc'
ac_ct_CXX='g++'
ac_ct_F77='g77'
ac_ct_RANLIB='ranlib'
ac_ct_STRIP='strip'
am__fastdepCC_FALSE='#'
am__fastdepCC_TRUE=''
am__fastdepCXX_FALSE='#'
am__fastdepCXX_TRUE=''
am__include='include'
am__leading_dot='.'
am__quote=''
bindir='${exec_prefix}/bin'
build='sparc-sun-solaris2.10'
build_alias=''
build_cpu='sparc'
build_os='solaris2.10'
build_vendor='sun'
datadir='${prefix}/share'
exec_prefix='${prefix}'
host='sparc-sun-solaris2.10'
host_alias=''
host_cpu='sparc'
host_os='solaris2.10'
host_vendor='sun'
includedir='${prefix}/include'
infodir='${prefix}/info'
install_sh='/disks/etna/home/clt/ltg/www/htdocs/alta/events/aclpub/bin/Text/btparse/install-sh'
libdir='${exec_prefix}/lib'
libexecdir='${exec_prefix}/libexec'
localstatedir='${prefix}/var'
mandir='${prefix}/man'
oldincludedir='/usr/include'
prefix='/usr/local'
program_transform_name='s,x,x,'
sbindir='${exec_prefix}/sbin'
sharedstatedir='${prefix}/com'
sysconfdir='${prefix}/etc'
target_alias=''

## ----------- ##
## confdefs.h. ##
## ----------- ##

#define HAVE_ALLOCA 1
#define HAVE_ALLOCA_H 1
#define HAVE_DLFCN_H 1
#define HAVE_DOPRNT 1
#define HAVE_INTTYPES_H 1
#define HAVE_LIMITS_H 1
#define HAVE_MEMORY_H 1
#define HAVE_STDINT_H 1
#define HAVE_STDLIB_H 1
#define HAVE_STRDUP 1
#define HAVE_STRDUP_DECL 1
#define HAVE_STRINGS_H 1
#define HAVE_STRING_H 1
#define HAVE_SYS_STAT_H 1
#define HAVE_SYS_TYPES_H 1
#define HAVE_UNISTD_H 1
#define HAVE_USHORT 1
#define HAVE_VPRINTF 1
#define HAVE_VSNPRINTF 1
#define PACKAGE "btparse"
#define PACKAGE_BUGREPORT ""
#define PACKAGE_NAME "btparse"
#define PACKAGE_STRING "btparse 0.35"
#define PACKAGE_TARNAME "btparse"
#define PACKAGE_VERSION "0.35"
#define STDC_HEADERS 1
#define STDC_HEADERS 1
#define VERSION "0.35"
#endif
#ifdef __cplusplus
extern "C" void std::exit (int) throw (); using std::exit;

configure: exit 0
