This file contains any messages produced by compilers while
running configure, to aid debugging if configure makes a mistake.

It was created by btparse configure 0.35, which was
generated by GNU Autoconf 2.59.  Invocation command line was

  $ ./configure 

## --------- ##
## Platform. ##
## --------- ##

hostname = robertmacpro.ics.mq.edu.au
uname -m = i386
uname -r = 9.8.0
uname -s = Darwin
uname -v = Darwin Kernel Version 9.8.0: Wed Jul 15 16:55:01 PDT 2009; root:xnu-1228.15.4~1/RELEASE_I386

/usr/bin/uname -p = i386
/bin/uname -X     = unknown

/bin/arch              = unknown
/usr/bin/arch -k       = unknown
/usr/convex/getsysinfo = unknown
hostinfo               = Mach kernel version:
	 Darwin Kernel Version 9.8.0: Wed Jul 15 16:55:01 PDT 2009; root:xnu-1228.15.4~1/RELEASE_I386
Kernel configured for up to 4 processors.
4 processors are physically available.
4 processors are logically available.
Processor type: i486 (Intel 80486)
Processors active: 0 1 2 3
Primary memory available: 4.00 gigabytes
Default processor set: 77 tasks, 429 threads, 4 processors
Load average: 1.76, Mach factor: 2.44
/bin/machine           = unknown
/usr/bin/oslevel       = unknown
/bin/universe          = unknown

PATH: /usr/bin
PATH: /bin
PATH: /usr/sbin
PATH: /sbin
PATH: /usr/local/bin
PATH: /usr/texbin
PATH: /usr/X11/bin


## ----------- ##
## Core tests. ##
## ----------- ##

configure:1551: checking for a BSD-compatible install
configure:1606: result: /usr/bin/install -c
configure:1617: checking whether build environment is sane
configure:1660: result: yes
configure:1693: checking for gawk
configure:1722: result: no
configure:1693: checking for mawk
configure:1722: result: no
configure:1693: checking for nawk
configure:1722: result: no
configure:1693: checking for awk
configure:1709: found /usr/bin/awk
configure:1719: result: awk
configure:1729: checking whether make sets $(MAKE)
configure:1753: result: no
configure:1920: checking if external PCCTS include files are wanted
configure:1929: result: no
configure:1933: checking if malloc debugging is wanted
configure:1954: result: no
configure:2007: checking for gcc
configure:2036: result: no
configure:2087: checking for cc
configure:2116: result: no
configure:2129: checking for cc
configure:2175: result: no
configure:2228: checking for cl
configure:2257: result: no
configure:2271: error: no acceptable C compiler found in $PATH
See `config.log' for more details.

## ---------------- ##
## Cache variables. ##
## ---------------- ##

ac_cv_env_CC_set=
ac_cv_env_CC_value=
ac_cv_env_CFLAGS_set=
ac_cv_env_CFLAGS_value=
ac_cv_env_CPPFLAGS_set=
ac_cv_env_CPPFLAGS_value=
ac_cv_env_CPP_set=
ac_cv_env_CPP_value=
ac_cv_env_CXXCPP_set=
ac_cv_env_CXXCPP_value=
ac_cv_env_CXXFLAGS_set=
ac_cv_env_CXXFLAGS_value=
ac_cv_env_CXX_set=
ac_cv_env_CXX_value=
ac_cv_env_F77_set=
ac_cv_env_F77_value=
ac_cv_env_FFLAGS_set=
ac_cv_env_FFLAGS_value=
ac_cv_env_LDFLAGS_set=
ac_cv_env_LDFLAGS_value=
ac_cv_env_build_alias_set=
ac_cv_env_build_alias_value=
ac_cv_env_host_alias_set=
ac_cv_env_host_alias_value=
ac_cv_env_target_alias_set=
ac_cv_env_target_alias_value=
ac_cv_path_install='/usr/bin/install -c'
ac_cv_prog_AWK=awk
ac_cv_prog_make_make_set=no

## ----------------- ##
## Output variables. ##
## ----------------- ##

ACLOCAL='${SHELL} /Users/pawelmazur/acl/aclpub/bin/Text/btparse-0.35/missing --run aclocal-1.7'
ALLOCA=''
AMDEPBACKSLASH=''
AMDEP_FALSE=''
AMDEP_TRUE=''
AMTAR='${SHELL} /Users/pawelmazur/acl/aclpub/bin/Text/btparse-0.35/missing --run tar'
ANTLR=''
AR=''
AUTOCONF='${SHELL} /Users/pawelmazur/acl/aclpub/bin/Text/btparse-0.35/missing --run autoconf'
AUTOHEADER='${SHELL} /Users/pawelmazur/acl/aclpub/bin/Text/btparse-0.35/missing --run autoheader'
AUTOMAKE='${SHELL} /Users/pawelmazur/acl/aclpub/bin/Text/btparse-0.35/missing --run automake-1.7'
AWK='awk'
CC=''
CCDEPMODE=''
CFLAGS=''
CPP=''
CPPFLAGS=''
CXX=''
CXXCPP=''
CXXDEPMODE=''
CXXFLAGS=''
CYGPATH_W='echo'
DEFS=''
DEPDIR=''
DLG=''
ECHO='/bin/echo'
ECHO_C='ECHO_N=''
ECHO_T=''
EGREP=''
EXEEXT=''
F77=''
FFLAGS=''
INCLUDES=''
INSTALL_DATA='${INSTALL} -m 644'
INSTALL_PROGRAM='${INSTALL}'
INSTALL_SCRIPT='${INSTALL}'
INSTALL_STRIP_PROGRAM='${SHELL} $(install_sh) -c -s'
LDFLAGS=''
LIBOBJS=''
LIBS=''
LIBTOOL=''
LN_S=''
LTLIBOBJS=''
MAKEINFO='${SHELL} /Users/pawelmazur/acl/aclpub/bin/Text/btparse-0.35/missing --run makeinfo'
OBJEXT=''
PACKAGE='btparse'
PACKAGE_BUGREPORT=''
PACKAGE_NAME='btparse'
PACKAGE_STRING='btparse 0.35'
PACKAGE_TARNAME='btparse'
PACKAGE_VERSION='0.35'
PATH_SEPARATOR=':'
PCCTS_INCLUDES=''
POD2MAN=''
RANLIB=''
RELEASE_DATE='2003-10-25'
SET_MAKE='MAKE=make'
SHELL='/bin/sh'
STRIP=''
VERSION='0.35'
ac_ct_AR=''
ac_ct_CC=''
ac_ct_CXX=''
ac_ct_F77=''
ac_ct_RANLIB=''
ac_ct_STRIP=''
am__fastdepCC_FALSE=''
am__fastdepCC_TRUE=''
am__fastdepCXX_FALSE=''
am__fastdepCXX_TRUE=''
am__include=''
am__leading_dot='.'
am__quote=''
bindir='${exec_prefix}/bin'
build=''
build_alias=''
build_cpu=''
build_os=''
build_vendor=''
datadir='${prefix}/share'
exec_prefix='NONE'
host=''
host_alias=''
host_cpu=''
host_os=''
host_vendor=''
includedir='${prefix}/include'
infodir='${prefix}/info'
install_sh='/Users/pawelmazur/acl/aclpub/bin/Text/btparse-0.35/install-sh'
libdir='${exec_prefix}/lib'
libexecdir='${exec_prefix}/libexec'
localstatedir='${prefix}/var'
mandir='${prefix}/man'
oldincludedir='/usr/include'
prefix='NONE'
program_transform_name='s,x,x,'
sbindir='${exec_prefix}/sbin'
sharedstatedir='${prefix}/com'
sysconfdir='${prefix}/etc'
target_alias=''

## ----------- ##
## confdefs.h. ##
## ----------- ##

#define PACKAGE "btparse"
#define PACKAGE_BUGREPORT ""
#define PACKAGE_NAME "btparse"
#define PACKAGE_STRING "btparse 0.35"
#define PACKAGE_TARNAME "btparse"
#define PACKAGE_VERSION "0.35"
#define VERSION "0.35"

configure: exit 1
